[2023-10-07T09:04:55.185+0000] {taskinstance.py:1159} INFO - Dependencies all met for dep_context=non-requeueable deps ti=<TaskInstance: networkrail_dbt_dag.stg_networkrail__operating_companies.stg_networkrail__operating_companies_run manual__2023-10-07T09:04:08.079028+00:00 [queued]>
[2023-10-07T09:04:55.197+0000] {taskinstance.py:1159} INFO - Dependencies all met for dep_context=requeueable deps ti=<TaskInstance: networkrail_dbt_dag.stg_networkrail__operating_companies.stg_networkrail__operating_companies_run manual__2023-10-07T09:04:08.079028+00:00 [queued]>
[2023-10-07T09:04:55.198+0000] {taskinstance.py:1361} INFO - Starting attempt 2 of 2
[2023-10-07T09:04:55.229+0000] {taskinstance.py:1382} INFO - Executing <Task(DbtRunLocalOperator): stg_networkrail__operating_companies.stg_networkrail__operating_companies_run> on 2023-10-07 09:04:08.079028+00:00
[2023-10-07T09:04:55.243+0000] {standard_task_runner.py:57} INFO - Started process 15375 to run task
[2023-10-07T09:04:55.253+0000] {standard_task_runner.py:84} INFO - Running: ['***', 'tasks', 'run', 'networkrail_dbt_dag', 'stg_networkrail__operating_companies.stg_networkrail__operating_companies_run', 'manual__2023-10-07T09:04:08.079028+00:00', '--job-id', '58', '--raw', '--subdir', 'DAGS_FOLDER/networkrail_dbt_dag.py', '--cfg-path', '/tmp/tmpjokdv8x_']
[2023-10-07T09:04:55.257+0000] {standard_task_runner.py:85} INFO - Job 58: Subtask stg_networkrail__operating_companies.stg_networkrail__operating_companies_run
[2023-10-07T09:04:55.341+0000] {task_command.py:415} INFO - Running <TaskInstance: networkrail_dbt_dag.stg_networkrail__operating_companies.stg_networkrail__operating_companies_run manual__2023-10-07T09:04:08.079028+00:00 [running]> on host 6b4be57cca48
[2023-10-07T09:04:55.461+0000] {taskinstance.py:1660} INFO - Exporting env vars: AIRFLOW_CTX_DAG_OWNER='Chaphowasit Big' AIRFLOW_CTX_DAG_ID='networkrail_dbt_dag' AIRFLOW_CTX_TASK_ID='stg_networkrail__operating_companies.stg_networkrail__operating_companies_run' AIRFLOW_CTX_EXECUTION_DATE='2023-10-07T09:04:08.079028+00:00' AIRFLOW_CTX_TRY_NUMBER='2' AIRFLOW_CTX_DAG_RUN_ID='manual__2023-10-07T09:04:08.079028+00:00'
[2023-10-07T09:04:55.472+0000] {connection.py:232} WARNING - Connection schemes (type: google_cloud_platform) shall not contain '_' according to RFC3986.
[2023-10-07T09:04:55.492+0000] {base.py:73} INFO - Using connection ID 'networkrail_dbt_bigquery_conn' for task execution.
[2023-10-07T09:04:55.523+0000] {adapted_subprocesshook.py:55} INFO - Tmp dir root location: 
 /tmp
[2023-10-07T09:04:55.526+0000] {adapted_subprocesshook.py:68} INFO - Running command: ['dbt', 'run', '--models', 'stg_networkrail__operating_companies', '--profile', 'bigquery_profile']
[2023-10-07T09:04:55.554+0000] {adapted_subprocesshook.py:79} INFO - Output:
[2023-10-07T09:05:02.402+0000] {adapted_subprocesshook.py:91} INFO - [0m09:05:02  Running with dbt=1.5.0
[2023-10-07T09:05:04.610+0000] {adapted_subprocesshook.py:91} INFO - [0m09:05:04  Encountered an error:
[2023-10-07T09:05:04.611+0000] {adapted_subprocesshook.py:91} INFO - Runtime Error
[2023-10-07T09:05:04.611+0000] {adapted_subprocesshook.py:91} INFO -   Failed to read package: Runtime Error
[2023-10-07T09:05:04.612+0000] {adapted_subprocesshook.py:91} INFO -     No dbt_project.yml found at expected path /tmp/tmptyqlwfck/dbt_project/dbt_packages/dbt_date/dbt_project.yml
[2023-10-07T09:05:04.613+0000] {adapted_subprocesshook.py:91} INFO -     Verify that each entry within packages.yml (and their transitive dependencies) contains a file named dbt_project.yml
[2023-10-07T09:05:04.613+0000] {adapted_subprocesshook.py:91} INFO - 
[2023-10-07T09:05:04.614+0000] {adapted_subprocesshook.py:91} INFO - 
[2023-10-07T09:05:04.614+0000] {adapted_subprocesshook.py:91} INFO - Error encountered in /tmp/tmptyqlwfck/dbt_project/dbt_packages/dbt_date
[2023-10-07T09:05:06.491+0000] {adapted_subprocesshook.py:95} INFO - Command exited with return code 2
[2023-10-07T09:05:06.605+0000] {local_task_job_runner.py:228} INFO - Task exited with return code 0
[2023-10-07T09:05:06.689+0000] {taskinstance.py:2784} INFO - 0 downstream tasks scheduled from follow-on schedule check
